[debug] [2020-08-11T06:17:56.858Z] ----------------------------------------------------------------------
[debug] [2020-08-11T06:17:56.861Z] Command:       /Users/reevanthlama/.nvm/versions/node/v10.15.3/bin/node /Users/reevanthlama/.nvm/versions/node/v10.15.3/bin/firebase ext:update twilio-whatsapp . --project=hugo-website-reev
[debug] [2020-08-11T06:17:56.861Z] CLI Version:   8.7.0
[debug] [2020-08-11T06:17:56.861Z] Platform:      darwin
[debug] [2020-08-11T06:17:56.861Z] Node Version:  v10.15.3
[debug] [2020-08-11T06:17:56.866Z] Time:          Tue Aug 11 2020 11:47:56 GMT+0530 (India Standard Time)
[debug] [2020-08-11T06:17:56.866Z] ----------------------------------------------------------------------
[debug] [2020-08-11T06:17:56.866Z] 
[debug] [2020-08-11T06:17:56.874Z] > command requires scopes: ["email","openid","https://www.googleapis.com/auth/cloudplatformprojects.readonly","https://www.googleapis.com/auth/firebase","https://www.googleapis.com/auth/cloud-platform"]
[debug] [2020-08-11T06:17:56.875Z] > authorizing via signed-in user
[debug] [2020-08-11T06:17:56.877Z] [iam] checking project hugo-website-reev for permissions ["firebase.projects.get","firebaseextensions.instances.get","firebaseextensions.instances.update"]
[debug] [2020-08-11T06:17:56.881Z] >>> HTTP REQUEST POST https://cloudresourcemanager.googleapis.com/v1/projects/hugo-website-reev:testIamPermissions  
 {"permissions":["firebase.projects.get","firebaseextensions.instances.get","firebaseextensions.instances.update"]}
[debug] [2020-08-11T06:17:58.508Z] <<< HTTP RESPONSE 200 {"content-type":"application/json; charset=UTF-8","vary":"X-Origin, Referer, Origin,Accept-Encoding","date":"Tue, 11 Aug 2020 06:17:58 GMT","server":"ESF","cache-control":"private","x-xss-protection":"0","x-frame-options":"SAMEORIGIN","x-content-type-options":"nosniff","server-timing":"gfet4t7; dur=1129","alt-svc":"h3-29=\":443\"; ma=2592000,h3-27=\":443\"; ma=2592000,h3-T050=\":443\"; ma=2592000,h3-Q050=\":443\"; ma=2592000,h3-Q046=\":443\"; ma=2592000,h3-Q043=\":443\"; ma=2592000,quic=\":443\"; ma=2592000; v=\"46,43\"","accept-ranges":"none","transfer-encoding":"chunked"}
[info] i  extensions: ensuring required API firebaseextensions.googleapis.com is enabled... 
[debug] [2020-08-11T06:17:58.511Z] >>> HTTP REQUEST GET https://serviceusage.googleapis.com/v1/projects/hugo-website-reev/services/firebaseextensions.googleapis.com  
 
[debug] [2020-08-11T06:18:00.292Z] <<< HTTP RESPONSE 200 {"content-type":"application/json; charset=UTF-8","vary":"X-Origin, Referer, Origin,Accept-Encoding","date":"Tue, 11 Aug 2020 06:18:00 GMT","server":"ESF","cache-control":"private","x-xss-protection":"0","x-frame-options":"SAMEORIGIN","x-content-type-options":"nosniff","alt-svc":"h3-29=\":443\"; ma=2592000,h3-27=\":443\"; ma=2592000,h3-T050=\":443\"; ma=2592000,h3-Q050=\":443\"; ma=2592000,h3-Q046=\":443\"; ma=2592000,h3-Q043=\":443\"; ma=2592000,quic=\":443\"; ma=2592000; v=\"46,43\"","accept-ranges":"none","transfer-encoding":"chunked"}
[info] ✔  extensions: required API firebaseextensions.googleapis.com is enabled 
[debug] [2020-08-11T06:18:00.296Z] >>> HTTP REQUEST GET https://firebaseextensions.googleapis.com/v1beta/projects/hugo-website-reev/instances/twilio-whatsapp  
 
[debug] [2020-08-11T06:18:01.886Z] <<< HTTP RESPONSE 200 {"content-type":"application/json; charset=UTF-8","vary":"X-Origin, Referer, Origin,Accept-Encoding","date":"Tue, 11 Aug 2020 06:18:01 GMT","server":"ESF","cache-control":"private","x-xss-protection":"0","x-frame-options":"SAMEORIGIN","x-content-type-options":"nosniff","alt-svc":"h3-29=\":443\"; ma=2592000,h3-27=\":443\"; ma=2592000,h3-T050=\":443\"; ma=2592000,h3-Q050=\":443\"; ma=2592000,h3-Q046=\":443\"; ma=2592000,h3-Q043=\":443\"; ma=2592000,quic=\":443\"; ma=2592000; v=\"46,43\"","accept-ranges":"none","transfer-encoding":"chunked"}
[debug] [2020-08-11T06:18:01.945Z] Archived 46.84 KB in ..
[debug] [2020-08-11T06:18:01.945Z] >>> HTTP REQUEST PUT https://storage.googleapis.com/firebase-ext-eap-uploads/firebase-archive-852496IRQkkNU2F5B.zip  
 <request body omitted>
[debug] [2020-08-11T06:18:02.912Z] <<< HTTP RESPONSE 200 {"x-guploader-uploadid":"AAANsUmU_l3ox9ULqo5U-GNUoiIIZgXC5jRkpcb-kp0nhIF24kCkSmJMOmT1GULSafwfHWwhm5Zhu6NPD12uJbTIFrEepf6L-w","etag":"\"93558cd0c0fe16ae991955e262a762a2\"","x-goog-generation":"1597126682636641","x-goog-metageneration":"1","x-goog-hash":"crc32c=CFxE2g==, md5=k1WM0MD+Fq6ZGVXiYqdiog==","x-goog-stored-content-length":"47966","x-goog-stored-content-encoding":"identity","vary":"Origin","content-length":"0","date":"Tue, 11 Aug 2020 06:18:02 GMT","server":"UploadServer","content-type":"text/html; charset=UTF-8","alt-svc":"h3-29=\":443\"; ma=2592000,h3-27=\":443\"; ma=2592000,h3-T050=\":443\"; ma=2592000,h3-Q050=\":443\"; ma=2592000,h3-Q046=\":443\"; ma=2592000,h3-Q043=\":443\"; ma=2592000,quic=\":443\"; ma=2592000; v=\"46,43\""}
[debug] [2020-08-11T06:18:02.914Z] >>> HTTP REQUEST POST https://firebaseextensions.googleapis.com/v1beta/projects/hugo-website-reev/sources/  
 {"packageUri":"https://storage.googleapis.com/firebase-ext-eap-uploads/firebase-archive-852496IRQkkNU2F5B.zip?alt=media","extensionRoot":"/"}
[debug] [2020-08-11T06:18:04.365Z] <<< HTTP RESPONSE 200 {"content-type":"application/json; charset=UTF-8","vary":"X-Origin, Referer, Origin,Accept-Encoding","date":"Tue, 11 Aug 2020 06:18:04 GMT","server":"ESF","cache-control":"private","x-xss-protection":"0","x-frame-options":"SAMEORIGIN","x-content-type-options":"nosniff","alt-svc":"h3-29=\":443\"; ma=2592000,h3-27=\":443\"; ma=2592000,h3-T050=\":443\"; ma=2592000,h3-Q050=\":443\"; ma=2592000,h3-Q046=\":443\"; ma=2592000,h3-Q043=\":443\"; ma=2592000,quic=\":443\"; ma=2592000; v=\"46,43\"","accept-ranges":"none","transfer-encoding":"chunked"}
[debug] [2020-08-11T06:18:04.369Z] >>> HTTP REQUEST GET https://firebaseextensions.googleapis.com/v1beta/projects/hugo-website-reev/operations/a2163a28-1ac5-4322-9fce-b8c04197d7ca  
 
[debug] [2020-08-11T06:18:06.716Z] <<< HTTP RESPONSE 200 {"content-type":"application/json; charset=UTF-8","vary":"X-Origin, Referer, Origin,Accept-Encoding","date":"Tue, 11 Aug 2020 06:18:06 GMT","server":"ESF","cache-control":"private","x-xss-protection":"0","x-frame-options":"SAMEORIGIN","x-content-type-options":"nosniff","alt-svc":"h3-29=\":443\"; ma=2592000,h3-27=\":443\"; ma=2592000,h3-T050=\":443\"; ma=2592000,h3-Q050=\":443\"; ma=2592000,h3-Q046=\":443\"; ma=2592000,h3-Q043=\":443\"; ma=2592000,quic=\":443\"; ma=2592000; v=\"46,43\"","accept-ranges":"none","transfer-encoding":"chunked"}
[debug] [2020-08-11T06:18:06.717Z] Created new Extension Source %s projects/hugo-website-reev/sources/46c8af05-a655-4203-a362-109fc9f7b873
[debug] [2020-08-11T06:18:06.717Z] >>> HTTP REQUEST DELETE https://storage.googleapis.com/firebase-ext-eap-uploads/firebase-archive-852496IRQkkNU2F5B.zip  
 
[debug] [2020-08-11T06:18:07.482Z] <<< HTTP RESPONSE 204 {"x-guploader-uploadid":"AAANsUnJHRcIDHjhYhzSWrlTKE3aHiVDhO9DMuX7MudGshrip2otcCkGw5EJuFcZuc5cWJjBj-zB6MJ2nJQRmcWdcZZUkfXPQw","vary":"Origin","date":"Tue, 11 Aug 2020 06:18:07 GMT","expires":"Tue, 11 Aug 2020 06:18:07 GMT","cache-control":"private, max-age=0","content-length":"0","server":"UploadServer","alt-svc":"h3-29=\":443\"; ma=2592000,h3-27=\":443\"; ma=2592000,h3-T050=\":443\"; ma=2592000,h3-Q050=\":443\"; ma=2592000,h3-Q046=\":443\"; ma=2592000,h3-Q043=\":443\"; ma=2592000,quic=\":443\"; ma=2592000; v=\"46,43\""}
[debug] [2020-08-11T06:18:07.482Z] Cleaned up uploaded source archive
[info] i  extensions: Updating twilio-whatsapp from version 0.0.5 to . (0.0.6) 
[info] i  extensions: You are updating this extension instance from a local source.
 
[debug] [2020-08-11T06:18:07.483Z] >>> HTTP REQUEST GET https://extensions-registry.firebaseapp.com/extensions.json  
 
[debug] [2020-08-11T06:18:08.262Z] <<< HTTP RESPONSE 200 {"connection":"keep-alive","content-length":"12673","access-control-allow-origin":"*","cache-control":"max-age=3600","content-type":"application/json","etag":"\"5d6956e67af99cd8822e0c7c91c24936fc119983b7ed3508727aa38ed2235885\"","last-modified":"Thu, 06 Aug 2020 17:30:46 GMT","strict-transport-security":"max-age=31556926; includeSubDomains; preload","accept-ranges":"bytes","date":"Tue, 11 Aug 2020 06:18:08 GMT","x-served-by":"cache-bom4750-BOM","x-cache":"HIT","x-cache-hits":"1","x-timer":"S1597126688.243450,VS0,VE1","vary":"x-fh-requested-host, accept-encoding"}
[info] All the instance's extension-specific resources and logic will be overwritten to use the source code and files from the local directory.


[debug] [2020-08-11T06:18:45.406Z] >>> HTTP REQUEST GET https://firebaseextensions.googleapis.com/v1beta/projects/hugo-website-reev/sources/46c8af05-a655-4203-a362-109fc9f7b873  
 
[debug] [2020-08-11T06:18:46.782Z] <<< HTTP RESPONSE 200 {"content-type":"application/json; charset=UTF-8","vary":"X-Origin, Referer, Origin,Accept-Encoding","date":"Tue, 11 Aug 2020 06:18:46 GMT","server":"ESF","cache-control":"private","x-xss-protection":"0","x-frame-options":"SAMEORIGIN","x-content-type-options":"nosniff","alt-svc":"h3-29=\":443\"; ma=2592000,h3-27=\":443\"; ma=2592000,h3-T050=\":443\"; ma=2592000,h3-Q050=\":443\"; ma=2592000,h3-Q046=\":443\"; ma=2592000,h3-Q043=\":443\"; ma=2592000,quic=\":443\"; ma=2592000; v=\"46,43\"","accept-ranges":"none","transfer-encoding":"chunked"}
[info] This update contains the following changes. If at any point you choose not to continue, the extension will not be updated and the changes will be discarded:
[info] 
[debug] [2020-08-11T06:18:50.921Z] >>> HTTP REQUEST GET https://firebase.googleapis.com/v1beta1/projects/hugo-website-reev/adminSdkConfig  
 
[debug] [2020-08-11T06:18:51.646Z] <<< HTTP RESPONSE 200 {"content-type":"application/json; charset=UTF-8","vary":"X-Origin, Referer, Origin,Accept-Encoding","date":"Tue, 11 Aug 2020 06:18:51 GMT","server":"ESF","cache-control":"private","x-xss-protection":"0","x-frame-options":"SAMEORIGIN","x-content-type-options":"nosniff","alt-svc":"h3-29=\":443\"; ma=2592000,h3-27=\":443\"; ma=2592000,h3-T050=\":443\"; ma=2592000,h3-Q050=\":443\"; ma=2592000,h3-Q046=\":443\"; ma=2592000,h3-Q043=\":443\"; ma=2592000,quic=\":443\"; ma=2592000; v=\"46,43\"","accept-ranges":"none","transfer-encoding":"chunked"}
[debug] [2020-08-11T06:18:51.649Z] >>> HTTP REQUEST GET https://cloudbilling.googleapis.com/v1/projects/hugo-website-reev/billingInfo  
 
[debug] [2020-08-11T06:18:53.394Z] <<< HTTP RESPONSE 200 {"content-type":"application/json; charset=UTF-8","vary":"X-Origin, Referer, Origin,Accept-Encoding","date":"Tue, 11 Aug 2020 06:18:53 GMT","server":"ESF","cache-control":"private","x-xss-protection":"0","x-frame-options":"SAMEORIGIN","x-content-type-options":"nosniff","alt-svc":"h3-29=\":443\"; ma=2592000,h3-27=\":443\"; ma=2592000,h3-T050=\":443\"; ma=2592000,h3-Q050=\":443\"; ma=2592000,h3-Q046=\":443\"; ma=2592000,h3-Q043=\":443\"; ma=2592000,quic=\":443\"; ma=2592000; v=\"46,43\"","accept-ranges":"none","transfer-encoding":"chunked"}
[debug] [2020-08-11T06:18:53.395Z] >>> HTTP REQUEST GET https://cloudbilling.googleapis.com/v1/billingAccounts  
 
[debug] [2020-08-11T06:18:54.795Z] <<< HTTP RESPONSE 200 {"content-type":"application/json; charset=UTF-8","vary":"X-Origin, Referer, Origin,Accept-Encoding","date":"Tue, 11 Aug 2020 06:18:54 GMT","server":"ESF","cache-control":"private","x-xss-protection":"0","x-frame-options":"SAMEORIGIN","x-content-type-options":"nosniff","alt-svc":"h3-29=\":443\"; ma=2592000,h3-27=\":443\"; ma=2592000,h3-T050=\":443\"; ma=2592000,h3-Q050=\":443\"; ma=2592000,h3-Q046=\":443\"; ma=2592000,h3-Q043=\":443\"; ma=2592000,quic=\":443\"; ma=2592000; v=\"46,43\"","accept-ranges":"none","transfer-encoding":"chunked"}
[info] 
[info] The extension twilio-whatsapp requires your project to be upgraded to the Blaze plan. Please visit the following link to add a billing account:
[info] 
[info] https://console.cloud.google.com/billing/linkedaccount?project=hugo-website-reev
[info] 
